-- Install configuration: ""
-- Execute custom install script
-- Up-to-date symlink: /home/jg/jbot2_ws/install/jbot2/share/jbot2/config/empty.yaml
-- Up-to-date symlink: /home/jg/jbot2_ws/install/jbot2/share/jbot2/config/view_bot.rviz
-- Up-to-date symlink: /home/jg/jbot2_ws/install/jbot2/share/jbot2/description/gazebo_control.xacro
-- Up-to-date symlink: /home/jg/jbot2_ws/install/jbot2/share/jbot2/description/inertial_macros.xacro
-- Up-to-date symlink: /home/jg/jbot2_ws/install/jbot2/share/jbot2/description/meshes/LIDAR_1.stl
-- Up-to-date symlink: /home/jg/jbot2_ws/install/jbot2/share/jbot2/description/meshes/SONAR_FRONT_1.stl
-- Up-to-date symlink: /home/jg/jbot2_ws/install/jbot2/share/jbot2/description/meshes/SONAR_LEFT_1.stl
-- Up-to-date symlink: /home/jg/jbot2_ws/install/jbot2/share/jbot2/description/meshes/SONAR_REAR_1.stl
-- Up-to-date symlink: /home/jg/jbot2_ws/install/jbot2/share/jbot2/description/meshes/SONAR_RIGHT_1.stl
-- Up-to-date symlink: /home/jg/jbot2_ws/install/jbot2/share/jbot2/description/meshes/WHEEL_FL_1.stl
-- Up-to-date symlink: /home/jg/jbot2_ws/install/jbot2/share/jbot2/description/meshes/WHEEL_FR_1.stl
-- Up-to-date symlink: /home/jg/jbot2_ws/install/jbot2/share/jbot2/description/meshes/WHEEL_RL_1.stl
-- Up-to-date symlink: /home/jg/jbot2_ws/install/jbot2/share/jbot2/description/meshes/WHEEL_RR_1.stl
-- Up-to-date symlink: /home/jg/jbot2_ws/install/jbot2/share/jbot2/description/meshes/base_link2.stl
-- Up-to-date symlink: /home/jg/jbot2_ws/install/jbot2/share/jbot2/description/meshes/base_link3.stl
-- Up-to-date symlink: /home/jg/jbot2_ws/install/jbot2/share/jbot2/description/meshes/chassis.stl
-- Up-to-date symlink: /home/jg/jbot2_ws/install/jbot2/share/jbot2/description/meshes/chassis1.stl
-- Up-to-date symlink: /home/jg/jbot2_ws/install/jbot2/share/jbot2/description/meshes2/bl_wheel.stl
-- Up-to-date symlink: /home/jg/jbot2_ws/install/jbot2/share/jbot2/description/meshes2/chassis.stl
-- Up-to-date symlink: /home/jg/jbot2_ws/install/jbot2/share/jbot2/description/meshes2/fchassis.stl
-- Up-to-date symlink: /home/jg/jbot2_ws/install/jbot2/share/jbot2/description/meshes2/fl_wheel.stl
-- Up-to-date symlink: /home/jg/jbot2_ws/install/jbot2/share/jbot2/description/meshes2/fr_wheel.stl
-- Up-to-date symlink: /home/jg/jbot2_ws/install/jbot2/share/jbot2/description/meshes2/rchassis.stl
-- Up-to-date symlink: /home/jg/jbot2_ws/install/jbot2/share/jbot2/description/meshes2/rr_wheel.stl
-- Up-to-date symlink: /home/jg/jbot2_ws/install/jbot2/share/jbot2/description/model.config
-- Up-to-date symlink: /home/jg/jbot2_ws/install/jbot2/share/jbot2/description/robot.urdf.xacro
-- Up-to-date symlink: /home/jg/jbot2_ws/install/jbot2/share/jbot2/description/robot_core.urdf
-- Up-to-date symlink: /home/jg/jbot2_ws/install/jbot2/share/jbot2/description/robot_core.xacro
-- Up-to-date symlink: /home/jg/jbot2_ws/install/jbot2/share/jbot2/launch/launch_sim.launch.py
-- Up-to-date symlink: /home/jg/jbot2_ws/install/jbot2/share/jbot2/launch/rsp.launch.py
-- Up-to-date symlink: /home/jg/jbot2_ws/install/jbot2/share/jbot2/worlds/empty.world
-- Up-to-date symlink: /home/jg/jbot2_ws/install/jbot2/share/jbot2/worlds/full.world
-- Up-to-date symlink: /home/jg/jbot2_ws/install/jbot2/share/ament_index/resource_index/package_run_dependencies/jbot2
-- Up-to-date symlink: /home/jg/jbot2_ws/install/jbot2/share/ament_index/resource_index/parent_prefix_path/jbot2
-- Up-to-date symlink: /home/jg/jbot2_ws/install/jbot2/share/jbot2/environment/ament_prefix_path.sh
-- Up-to-date symlink: /home/jg/jbot2_ws/install/jbot2/share/jbot2/environment/ament_prefix_path.dsv
-- Up-to-date symlink: /home/jg/jbot2_ws/install/jbot2/share/jbot2/environment/path.sh
-- Up-to-date symlink: /home/jg/jbot2_ws/install/jbot2/share/jbot2/environment/path.dsv
-- Up-to-date symlink: /home/jg/jbot2_ws/install/jbot2/share/jbot2/local_setup.bash
-- Up-to-date symlink: /home/jg/jbot2_ws/install/jbot2/share/jbot2/local_setup.sh
-- Up-to-date symlink: /home/jg/jbot2_ws/install/jbot2/share/jbot2/local_setup.zsh
-- Up-to-date symlink: /home/jg/jbot2_ws/install/jbot2/share/jbot2/local_setup.dsv
-- Symlinking: /home/jg/jbot2_ws/install/jbot2/share/jbot2/package.dsv
-- Up-to-date symlink: /home/jg/jbot2_ws/install/jbot2/share/ament_index/resource_index/packages/jbot2
-- Up-to-date symlink: /home/jg/jbot2_ws/install/jbot2/share/jbot2/cmake/jbot2Config.cmake
-- Up-to-date symlink: /home/jg/jbot2_ws/install/jbot2/share/jbot2/cmake/jbot2Config-version.cmake
-- Up-to-date symlink: /home/jg/jbot2_ws/install/jbot2/share/jbot2/package.xml
